-------------------------------------------------------------------------------
Test set: com.mycompany.chatapp.ChatAppTest
-------------------------------------------------------------------------------
Tests run: 1, Failures: 0, Errors: 1, Skipped: 0, Time elapsed: 0.074 s <<< FAILURE! -- in com.mycompany.chatapp.ChatAppTest
com.mycompany.chatapp.ChatAppTest.testCheckUserName_BoundaryLenth -- Time elapsed: 0.039 s <<< ERROR!
java.lang.UnsupportedOperationException: Not supported yet.
	at com.mycompany.chatapp.ChatAppTest.assertTrue(ChatAppTest.java:126)
	at com.mycompany.chatapp.ChatAppTest.testCheckUserName_BoundaryLenth(ChatAppTest.java:47)
	at java.base/java.lang.reflect.Method.invoke(Method.java:565)
	at java.base/java.util.ArrayList.forEach(ArrayList.java:1604)
	at java.base/java.util.ArrayList.forEach(ArrayList.java:1604)

